mode: set
github.com/shaynemeyer/go-bnb/cmd/web/main.go:25.13,27.16 2 0
github.com/shaynemeyer/go-bnb/cmd/web/main.go:27.16,29.3 1 0
github.com/shaynemeyer/go-bnb/cmd/web/main.go:31.2,39.16 4 0
github.com/shaynemeyer/go-bnb/cmd/web/main.go:42.18,58.16 10 1
github.com/shaynemeyer/go-bnb/cmd/web/main.go:58.16,61.3 2 0
github.com/shaynemeyer/go-bnb/cmd/web/main.go:63.2,70.12 6 1
github.com/shaynemeyer/go-bnb/cmd/web/middleware.go:10.45,22.2 3 1
github.com/shaynemeyer/go-bnb/cmd/web/middleware.go:25.50,27.2 1 1
github.com/shaynemeyer/go-bnb/cmd/web/routes.go:12.49,38.2 18 1
