mode: set
github.com/shaynemeyer/go-bnb/internal/handlers/handlers.go:33.62,38.2 1 1
github.com/shaynemeyer/go-bnb/internal/handlers/handlers.go:41.51,46.2 1 1
github.com/shaynemeyer/go-bnb/internal/handlers/handlers.go:49.33,51.2 1 1
github.com/shaynemeyer/go-bnb/internal/handlers/handlers.go:53.67,55.2 1 1
github.com/shaynemeyer/go-bnb/internal/handlers/handlers.go:58.68,60.2 1 1
github.com/shaynemeyer/go-bnb/internal/handlers/handlers.go:63.74,65.9 2 1
github.com/shaynemeyer/go-bnb/internal/handlers/handlers.go:65.9,69.3 3 1
github.com/shaynemeyer/go-bnb/internal/handlers/handlers.go:71.2,72.16 2 1
github.com/shaynemeyer/go-bnb/internal/handlers/handlers.go:72.16,76.3 3 1
github.com/shaynemeyer/go-bnb/internal/handlers/handlers.go:78.2,96.4 10 1
github.com/shaynemeyer/go-bnb/internal/handlers/handlers.go:100.78,102.16 2 1
github.com/shaynemeyer/go-bnb/internal/handlers/handlers.go:102.16,106.3 3 1
github.com/shaynemeyer/go-bnb/internal/handlers/handlers.go:108.2,116.16 5 1
github.com/shaynemeyer/go-bnb/internal/handlers/handlers.go:116.16,120.3 3 1
github.com/shaynemeyer/go-bnb/internal/handlers/handlers.go:122.2,123.16 2 1
github.com/shaynemeyer/go-bnb/internal/handlers/handlers.go:123.16,127.3 3 1
github.com/shaynemeyer/go-bnb/internal/handlers/handlers.go:129.2,130.16 2 1
github.com/shaynemeyer/go-bnb/internal/handlers/handlers.go:130.16,134.3 3 1
github.com/shaynemeyer/go-bnb/internal/handlers/handlers.go:136.2,137.16 2 1
github.com/shaynemeyer/go-bnb/internal/handlers/handlers.go:137.16,141.3 3 1
github.com/shaynemeyer/go-bnb/internal/handlers/handlers.go:143.2,160.19 6 1
github.com/shaynemeyer/go-bnb/internal/handlers/handlers.go:160.19,175.3 7 1
github.com/shaynemeyer/go-bnb/internal/handlers/handlers.go:177.2,178.16 2 1
github.com/shaynemeyer/go-bnb/internal/handlers/handlers.go:178.16,182.3 3 1
github.com/shaynemeyer/go-bnb/internal/handlers/handlers.go:184.2,193.16 3 1
github.com/shaynemeyer/go-bnb/internal/handlers/handlers.go:193.16,197.3 3 0
github.com/shaynemeyer/go-bnb/internal/handlers/handlers.go:200.2,241.66 8 1
github.com/shaynemeyer/go-bnb/internal/handlers/handlers.go:245.71,247.2 1 1
github.com/shaynemeyer/go-bnb/internal/handlers/handlers.go:250.69,252.2 1 1
github.com/shaynemeyer/go-bnb/internal/handlers/handlers.go:255.75,257.2 1 1
github.com/shaynemeyer/go-bnb/internal/handlers/handlers.go:260.79,262.16 2 1
github.com/shaynemeyer/go-bnb/internal/handlers/handlers.go:262.16,266.3 3 0
github.com/shaynemeyer/go-bnb/internal/handlers/handlers.go:268.2,274.16 5 1
github.com/shaynemeyer/go-bnb/internal/handlers/handlers.go:274.16,278.3 3 1
github.com/shaynemeyer/go-bnb/internal/handlers/handlers.go:279.2,280.16 2 1
github.com/shaynemeyer/go-bnb/internal/handlers/handlers.go:280.16,284.3 3 1
github.com/shaynemeyer/go-bnb/internal/handlers/handlers.go:286.2,287.16 2 1
github.com/shaynemeyer/go-bnb/internal/handlers/handlers.go:287.16,291.3 3 1
github.com/shaynemeyer/go-bnb/internal/handlers/handlers.go:293.2,293.21 1 1
github.com/shaynemeyer/go-bnb/internal/handlers/handlers.go:293.21,298.3 3 1
github.com/shaynemeyer/go-bnb/internal/handlers/handlers.go:300.2,312.4 5 1
github.com/shaynemeyer/go-bnb/internal/handlers/handlers.go:324.79,327.16 2 1
github.com/shaynemeyer/go-bnb/internal/handlers/handlers.go:327.16,338.3 5 1
github.com/shaynemeyer/go-bnb/internal/handlers/handlers.go:340.2,350.16 8 1
github.com/shaynemeyer/go-bnb/internal/handlers/handlers.go:350.16,361.3 5 1
github.com/shaynemeyer/go-bnb/internal/handlers/handlers.go:363.2,374.14 4 1
github.com/shaynemeyer/go-bnb/internal/handlers/handlers.go:378.70,380.2 1 1
github.com/shaynemeyer/go-bnb/internal/handlers/handlers.go:383.81,385.9 2 1
github.com/shaynemeyer/go-bnb/internal/handlers/handlers.go:385.9,389.3 3 1
github.com/shaynemeyer/go-bnb/internal/handlers/handlers.go:391.2,406.4 9 1
github.com/shaynemeyer/go-bnb/internal/handlers/handlers.go:410.73,413.16 3 1
github.com/shaynemeyer/go-bnb/internal/handlers/handlers.go:413.16,417.3 3 1
github.com/shaynemeyer/go-bnb/internal/handlers/handlers.go:419.2,420.9 2 1
github.com/shaynemeyer/go-bnb/internal/handlers/handlers.go:420.9,424.3 3 1
github.com/shaynemeyer/go-bnb/internal/handlers/handlers.go:426.2,430.63 3 1
github.com/shaynemeyer/go-bnb/internal/handlers/handlers.go:434.71,446.16 9 1
github.com/shaynemeyer/go-bnb/internal/handlers/handlers.go:446.16,450.3 3 1
github.com/shaynemeyer/go-bnb/internal/handlers/handlers.go:452.2,460.63 6 1
github.com/shaynemeyer/go-bnb/internal/handlers/handlers.go:464.72,468.2 1 1
github.com/shaynemeyer/go-bnb/internal/handlers/handlers.go:471.76,475.16 3 1
github.com/shaynemeyer/go-bnb/internal/handlers/handlers.go:475.16,477.3 1 0
github.com/shaynemeyer/go-bnb/internal/handlers/handlers.go:479.2,486.19 6 1
github.com/shaynemeyer/go-bnb/internal/handlers/handlers.go:486.19,491.3 2 1
github.com/shaynemeyer/go-bnb/internal/handlers/handlers.go:493.2,494.16 2 1
github.com/shaynemeyer/go-bnb/internal/handlers/handlers.go:494.16,498.3 3 1
github.com/shaynemeyer/go-bnb/internal/handlers/handlers.go:500.2,502.47 3 1
github.com/shaynemeyer/go-bnb/internal/handlers/handlers.go:506.69,513.2 4 1
github.com/shaynemeyer/go-bnb/internal/handlers/handlers.go:516.77,518.2 1 1
github.com/shaynemeyer/go-bnb/internal/handlers/handlers.go:521.83,523.16 2 1
github.com/shaynemeyer/go-bnb/internal/handlers/handlers.go:523.16,526.3 2 0
github.com/shaynemeyer/go-bnb/internal/handlers/handlers.go:528.2,533.4 3 1
github.com/shaynemeyer/go-bnb/internal/handlers/handlers.go:537.83,539.16 2 1
github.com/shaynemeyer/go-bnb/internal/handlers/handlers.go:539.16,542.3 2 0
github.com/shaynemeyer/go-bnb/internal/handlers/handlers.go:544.2,549.4 3 1
github.com/shaynemeyer/go-bnb/internal/handlers/handlers.go:553.83,556.16 3 1
github.com/shaynemeyer/go-bnb/internal/handlers/handlers.go:556.16,559.3 2 0
github.com/shaynemeyer/go-bnb/internal/handlers/handlers.go:561.2,574.16 9 1
github.com/shaynemeyer/go-bnb/internal/handlers/handlers.go:574.16,577.3 2 0
github.com/shaynemeyer/go-bnb/internal/handlers/handlers.go:579.2,586.4 3 1
github.com/shaynemeyer/go-bnb/internal/handlers/handlers.go:590.87,592.16 2 1
github.com/shaynemeyer/go-bnb/internal/handlers/handlers.go:592.16,595.3 2 0
github.com/shaynemeyer/go-bnb/internal/handlers/handlers.go:597.2,599.16 3 1
github.com/shaynemeyer/go-bnb/internal/handlers/handlers.go:599.16,602.3 2 0
github.com/shaynemeyer/go-bnb/internal/handlers/handlers.go:604.2,611.16 5 1
github.com/shaynemeyer/go-bnb/internal/handlers/handlers.go:611.16,614.3 2 0
github.com/shaynemeyer/go-bnb/internal/handlers/handlers.go:616.2,622.16 6 1
github.com/shaynemeyer/go-bnb/internal/handlers/handlers.go:622.16,625.3 2 0
github.com/shaynemeyer/go-bnb/internal/handlers/handlers.go:627.2,632.16 4 1
github.com/shaynemeyer/go-bnb/internal/handlers/handlers.go:632.16,634.3 1 1
github.com/shaynemeyer/go-bnb/internal/handlers/handlers.go:634.8,636.3 1 1
github.com/shaynemeyer/go-bnb/internal/handlers/handlers.go:640.88,643.34 2 1
github.com/shaynemeyer/go-bnb/internal/handlers/handlers.go:643.34,647.3 3 1
github.com/shaynemeyer/go-bnb/internal/handlers/handlers.go:649.2,680.16 23 1
github.com/shaynemeyer/go-bnb/internal/handlers/handlers.go:680.16,683.3 2 0
github.com/shaynemeyer/go-bnb/internal/handlers/handlers.go:685.2,687.26 2 1
github.com/shaynemeyer/go-bnb/internal/handlers/handlers.go:687.26,692.80 3 1
github.com/shaynemeyer/go-bnb/internal/handlers/handlers.go:692.80,695.4 2 1
github.com/shaynemeyer/go-bnb/internal/handlers/handlers.go:698.3,699.17 2 1
github.com/shaynemeyer/go-bnb/internal/handlers/handlers.go:699.17,702.4 2 0
github.com/shaynemeyer/go-bnb/internal/handlers/handlers.go:704.3,704.34 1 1
github.com/shaynemeyer/go-bnb/internal/handlers/handlers.go:704.34,705.27 1 1
github.com/shaynemeyer/go-bnb/internal/handlers/handlers.go:705.27,707.79 1 1
github.com/shaynemeyer/go-bnb/internal/handlers/handlers.go:707.79,709.6 1 1
github.com/shaynemeyer/go-bnb/internal/handlers/handlers.go:710.10,713.5 1 1
github.com/shaynemeyer/go-bnb/internal/handlers/handlers.go:715.3,718.78 3 1
github.com/shaynemeyer/go-bnb/internal/handlers/handlers.go:721.2,725.4 1 1
github.com/shaynemeyer/go-bnb/internal/handlers/handlers.go:729.86,734.16 4 1
github.com/shaynemeyer/go-bnb/internal/handlers/handlers.go:734.16,736.3 1 0
github.com/shaynemeyer/go-bnb/internal/handlers/handlers.go:738.2,743.16 4 1
github.com/shaynemeyer/go-bnb/internal/handlers/handlers.go:743.16,745.3 1 1
github.com/shaynemeyer/go-bnb/internal/handlers/handlers.go:745.8,747.3 1 1
github.com/shaynemeyer/go-bnb/internal/handlers/handlers.go:751.85,761.16 7 1
github.com/shaynemeyer/go-bnb/internal/handlers/handlers.go:761.16,763.3 1 1
github.com/shaynemeyer/go-bnb/internal/handlers/handlers.go:763.8,765.3 1 1
github.com/shaynemeyer/go-bnb/internal/handlers/handlers.go:768.92,770.16 2 1
github.com/shaynemeyer/go-bnb/internal/handlers/handlers.go:770.16,773.3 2 0
github.com/shaynemeyer/go-bnb/internal/handlers/handlers.go:775.2,780.16 4 1
github.com/shaynemeyer/go-bnb/internal/handlers/handlers.go:780.16,783.3 2 0
github.com/shaynemeyer/go-bnb/internal/handlers/handlers.go:785.2,787.26 2 1
github.com/shaynemeyer/go-bnb/internal/handlers/handlers.go:787.26,792.35 2 1
github.com/shaynemeyer/go-bnb/internal/handlers/handlers.go:792.35,794.35 1 1
github.com/shaynemeyer/go-bnb/internal/handlers/handlers.go:794.35,797.16 1 1
github.com/shaynemeyer/go-bnb/internal/handlers/handlers.go:797.16,798.66 1 1
github.com/shaynemeyer/go-bnb/internal/handlers/handlers.go:798.66,801.21 2 1
github.com/shaynemeyer/go-bnb/internal/handlers/handlers.go:801.21,803.8 1 0
github.com/shaynemeyer/go-bnb/internal/handlers/handlers.go:811.2,811.34 1 1
github.com/shaynemeyer/go-bnb/internal/handlers/handlers.go:811.34,812.43 1 1
github.com/shaynemeyer/go-bnb/internal/handlers/handlers.go:812.43,820.18 6 1
github.com/shaynemeyer/go-bnb/internal/handlers/handlers.go:820.18,822.5 1 0
github.com/shaynemeyer/go-bnb/internal/handlers/handlers.go:826.2,827.110 2 1
