mode: set
github.com/shaynemeyer/go-bnb/internal/handlers/handlers.go:24.47,28.2 1 1
github.com/shaynemeyer/go-bnb/internal/handlers/handlers.go:31.33,33.2 1 1
github.com/shaynemeyer/go-bnb/internal/handlers/handlers.go:35.67,40.2 3 1
github.com/shaynemeyer/go-bnb/internal/handlers/handlers.go:43.68,53.2 5 1
github.com/shaynemeyer/go-bnb/internal/handlers/handlers.go:56.74,65.2 4 1
github.com/shaynemeyer/go-bnb/internal/handlers/handlers.go:68.78,70.16 2 1
github.com/shaynemeyer/go-bnb/internal/handlers/handlers.go:70.16,73.3 2 0
github.com/shaynemeyer/go-bnb/internal/handlers/handlers.go:75.2,88.19 6 1
github.com/shaynemeyer/go-bnb/internal/handlers/handlers.go:88.19,98.3 4 0
github.com/shaynemeyer/go-bnb/internal/handlers/handlers.go:100.2,102.66 2 1
github.com/shaynemeyer/go-bnb/internal/handlers/handlers.go:106.71,108.2 1 1
github.com/shaynemeyer/go-bnb/internal/handlers/handlers.go:111.69,113.2 1 1
github.com/shaynemeyer/go-bnb/internal/handlers/handlers.go:116.75,118.2 1 1
github.com/shaynemeyer/go-bnb/internal/handlers/handlers.go:121.79,126.2 3 1
github.com/shaynemeyer/go-bnb/internal/handlers/handlers.go:134.79,141.16 3 1
github.com/shaynemeyer/go-bnb/internal/handlers/handlers.go:141.16,143.3 1 0
github.com/shaynemeyer/go-bnb/internal/handlers/handlers.go:145.2,146.14 2 1
github.com/shaynemeyer/go-bnb/internal/handlers/handlers.go:150.70,152.2 1 1
github.com/shaynemeyer/go-bnb/internal/handlers/handlers.go:154.81,156.9 2 1
github.com/shaynemeyer/go-bnb/internal/handlers/handlers.go:156.9,161.3 4 1
github.com/shaynemeyer/go-bnb/internal/handlers/handlers.go:163.2,170.4 4 0
